
Showing logs for build [32mcb-kubecd-environment-pr-1400-5-wpczv-1[0m stage [32mfrom-build-pack[0m and container [32mstep-credential-initializer-7r9w2[0m
{"level":"warn","ts":1586509973.2167504,"logger":"fallback-logger","caller":"logging/config.go:69","msg":"Fetch GitHub commit ID from kodata failed: \"ref: refs/heads/0.8.0-**-support-backwards-incompats\" is not a valid GitHub commit ID"}
{"level":"info","ts":1586509973.223633,"logger":"fallback-logger","caller":"creds-init/main.go:40","msg":"Credentials initialized."}

Showing logs for build [32mcb-kubecd-environment-pr-1400-5-wpczv-1[0m stage [32mfrom-build-pack[0m and container [32mstep-working-dir-initializer-62hs6[0m
{"level":"warn","ts":1586509974.1490088,"logger":"fallback-logger","caller":"logging/config.go:69","msg":"Fetch GitHub commit ID from kodata failed: open /var/run/ko/HEAD: no such file or directory"}
{"level":"info","ts":1586509974.1512403,"logger":"fallback-logger","caller":"bash/main.go:64","msg":"Successfully executed command \"sh -c mkdir -p /workspace/source\"; output "}

Showing logs for build [32mcb-kubecd-environment-pr-1400-5-wpczv-1[0m stage [32mfrom-build-pack[0m and container [32mstep-place-tools[0m

Showing logs for build [32mcb-kubecd-environment-pr-1400-5-wpczv-1[0m stage [32mfrom-build-pack[0m and container [32mstep-git-source-cb-kubecd-environment-pr-1400-5-wpczv-l4zv6[0m
{"level":"warn","ts":1586509978.3513117,"logger":"fallback-logger","caller":"logging/config.go:69","msg":"Fetch GitHub commit ID from kodata failed: \"ref: refs/heads/0.8.0-**-support-backwards-incompats\" is not a valid GitHub commit ID"}
{"level":"info","ts":1586509979.5186331,"logger":"fallback-logger","caller":"git/git.go:103","msg":"Successfully cloned https://github.com/cb-kubecd/environment-pr-1400-5-bdd-frontend-staging.git @ master in path /workspace/source"}

Showing logs for build [32mcb-kubecd-environment-pr-1400-5-wpczv-1[0m stage [32mfrom-build-pack[0m and container [32mstep-git-merge[0m
Using SHAs from PULL_REFS=master:57c912f13b789c502fa6ce9149baa8fff4346b6f,1:dee5380db614c7f75ef41119cdfd2bc82086467a
DEBUG: LC_ALL=C JX_LOG_LEVEL=error git fetch origin --unshallow dee5380db614c7f75ef41119cdfd2bc82086467a: 57c912f13b789c502fa6ce9149baa8fff4346b6f:
DEBUG: ran git fetch --unshallow origin dee5380db614c7f75ef41119cdfd2bc82086467a: 57c912f13b789c502fa6ce9149baa8fff4346b6f: in 
DEBUG: LC_ALL=C JX_LOG_LEVEL=error git branch
DEBUG: LC_ALL=C JX_LOG_LEVEL=error git checkout master
DEBUG: ran git checkout master in 
DEBUG: LC_ALL=C JX_LOG_LEVEL=error git reset --hard 57c912f13b789c502fa6ce9149baa8fff4346b6f
DEBUG: ran git reset --hard 57c912f13b789c502fa6ce9149baa8fff4346b6f in 
DEBUG: JX_LOG_LEVEL=error LC_ALL=C git clean -fd .
DEBUG: ran clean --force -d . in 
DEBUG: LC_ALL=C JX_LOG_LEVEL=error git merge dee5380db614c7f75ef41119cdfd2bc82086467a
DEBUG: ran git merge dee5380db614c7f75ef41119cdfd2bc82086467a in 
DEBUG: LC_ALL=C JX_LOG_LEVEL=error git log --format=%H%x1f%an%x1f%ae%x1f%cn%x1f%ce%x1f%s%n%b%x1e 57c912f13b789c502fa6ce9149baa8fff4346b6f..HEAD
Merged SHA dee5380db614c7f75ef41119cdfd2bc82086467a with commit message 'chore: Promote bdd-nh-1586508942 to version 0.0.1' into base branch master

Showing logs for build [32mcb-kubecd-environment-pr-1400-5-wpczv-1[0m stage [32mfrom-build-pack[0m and container [32mstep-build-helm-build[0m
WARNING: No $CHART_REPOSITORY defined so using the default value of: http://jenkins-x-chartmuseum:8080
Adding missing Helm repo: storage.googleapis.com https://storage.googleapis.com/chartmuseum.jenkins-x.io
WARNING: No secrets found on "helm/repos" due: reading the secret "helm/repos" from vault: no secret "helm/repos" not found in vault
Read credentials for https://storage.googleapis.com/chartmuseum.jenkins-x.io from vault helm/repos
Successfully added Helm repository storage.googleapis.com.
Adding missing Helm repo: jenkins-x-chartmuseum http://jenkins-x-chartmuseum:8080
WARNING: No secrets found on "helm/repos" due: reading the secret "helm/repos" from vault: no secret "helm/repos" not found in vault
Read credentials for http://jenkins-x-chartmuseum:8080 from vault helm/repos
Successfully added Helm repository jenkins-x-chartmuseum.
WARNING: No $CHART_REPOSITORY defined so using the default value of: http://jenkins-x-chartmuseum:8080
Adding missing Helm repo: chartmuseum.jenkins-x.io http://chartmuseum.jenkins-x.io
WARNING: No secrets found on "helm/repos" due: reading the secret "helm/repos" from vault: no secret "helm/repos" not found in vault
Read credentials for http://chartmuseum.jenkins-x.io from vault helm/repos
Successfully added Helm repository chartmuseum.jenkins-x.io.
